[   .00000] nitialzig cgroupubsys puet
[   .00000 Initiliing cgroup subsys cpu
[    0.000000] Initializing cgroup subsys cpucct
[   0.000000] Linux version 4.4.0-138-generic (buildd@lcy01-amd64-006) (gcc version 5.4.0 20160609 (Ubuntu 54.06ubuntu1~16.04.10) ) #164-Ubuntu SMP Tue Oct 2 17:16:02 UTC 2018 (Ubuntu 4.4.0-138.164-generic 4.4.155)
[    0.000000] Command line: BOOT_IMAGE=/boot/vmlinuz-4.4.0-138-generic root=LABEL=cloudimg-rootfs ro console=tty1 console=ttyS0
[    0.000000] KERNEL supported cpus:
[    0.000000]   Intel GenuineIntel
[    0.000000]   AMD AuthenticAMD
[    0.000000]   Centaur CentaurHauls
[    0.000000] x86/fpu: xstate_offset[2]:  576, xstate_sizes[2]:  256
[    0.000000] x86/fpu: Supporting XSAVE feature 0x01: 'x87 floating point registers'
[    0.000000] x86/fpu: Supporting XSAVE feature 0x02: 'SSE registers'
[    0.000000] x86/fpu: Supporting XSAV feature 0x04: 'AVX registers'
[    0.000000] x86/fpu: Enabled xstate featurs 0x7, context ssiz i 832 bte, usi 'standard' format.
[    0.00000 e820 BOS-proidd physialRAM map
    0.0000] BIS-820: [em0x000000000000000-0x000000000009fbff] usable
[    0.000000] BIOS-e820: [mem 0x000000000009fc00-0x000000000009ffff] reserved
[    0.000000] BIOS-e820: [mem 0x00000000000f0000-0x00000000000fffff] reserve
   0.00000 BIOS-82: [mem0x000000000100000-0x000000003ffeffff] usable
[   .000000] BIOS-e820: [mem 0x000000003f0000-0x000000003fffffff] ACPI data
[    0.000000] BIOS-e820: [me 0x0000000fec0000-0x00000000fec00fff] reserved
[    0.000000] BIOS-e820: [mem 0x00000000fee00000-0x00000000fee00fff] reerved
[   0.000000] IOS-e820: [mem 0x00000000fffc0000-0x00000000ffffffff] reserved
[    0.000000] NX (Execute Disable) protection: active
[    0.000000] SMBIOS 2.5 present.
[    0.000000] Hypervisor detected: KVM
[    0.000000] e820: last_pfn  03fff0 axarchpf = 0x4000000
   0.000000] MTRR: Disabled
[    000000] x86/PAT: MTRRs disabled, skipping PAT initialization too.
[   .00000 CPU MTRRs all lak - irualize sstem.
[   .00000 x86/PT:Configraion [0-7]: WB  WT  UC- UC  WB  WT  UC- UC  
[    0.000000] found SMP MP-table at me 0x0009fff0-0x0009ffff] mapped at [ffff88000009fff0]
[    0.000000] Scanning 1 areas for low memory corruption
[    0.000000] RAMDISK: [mem 0x3630c000-0x3717dfff]
[    0.000000] ACPI: Early tabe hecksu verification disabled
[   0.0000] ACP: SDP 0x00000000E000 00002 (02 VBX )
[    0.000000] ACPI: XSDT 0x000000003FFF0030 00003C (v01 VBOX   VBOXXSDT 00000001 ASL  00000061)
[   .000000] ACPI: FACP 0x000000003FFF00F0 0000F4 (v04 VBOX   VBOXFACP 00000001 ASL  00000061)
[    000000] API DSDT x0000000FF047 021FF (02VBOX  VBXBIOS 00000002 INTL 20100528)
[   .00000] ACPI: FACS 0x000000003FFF0200 000040
[    0.000000] ACPI: FACS 0x000000003FFF0200 000040
[    0.000000] ACPI: APIC 0x000000003FFF0240 00005C (v02 VBOX   VBOXAPIC 00000001 ASL  00000061)
[    0.000000] ACPI: SSDT 0x000000003FFF02A0 0001CC (v01 VBOX   VBOXCPUT 00000002 INTL 20100528)
[    0.000000] No NUMA configuration found
[    0.000000] Faking a node at [mem 0x00000000000000-0x000000003ffeffff]
[    0.000000] NODE_DATA(0) allocated [mem 0x3ffeb000-0x3feffff
[    0.000000] kvm-clock: Uing sr 4b56401and 4b6400
[   .00000] vm-clok:cpu 0, msr 0:3ffe3001, primary cpu clock
[   0.00000]kv-clock uing scd offse o 40627519 cycls
[   0000000 cocksure: kvm-coc: mask: 0xffffffffffffffff max_cycles: 0x1cd42e4dffb, max_idle_ns: 881590591483 ns
[    0.000000] Zone ranges:
[    0.000000]   DMA      [mem 0x00000000000100-0x0000000000ffffff]
[    0.000000]   DMA32    [mem 0x000000000100000-0x0000003fefff]
[   .00000]  Normal empty
[    0.000000]   Device   empty
[    0.000000] Movable zone start for each node
[   0.0000] Ealymemory node ranges
[    000000]  ode   0: [mem 0x0000000000001000-0x000000000009efff]
[   .00000]  node   0: [me 000000000001000-0x0000003fffff]
[   0.00000] Initmem setup node 0 [mem 0x0000000000001000-0x000000003ffeffff]
[    0.000000] ACPI: PM-Timer IO Port:x4008
[    0.000000IOAPIC[0]: apic_id 2, version 32, address 0xfec00000, GSI 0-23
[    0.000000] ACPI: INT_SRC_OVR (bus 0 bus_irq 0 global_irq 2 dfl dfl)
[    0.000000] ACPI: INT_SRC_OVR (bus 0 bus_irq 9 global_irq 9 low level)
[   .00000] sing ACPI (MADT) for SMP configuration information
[    000000] spbot: llwing 2 CUs 0 hotplug CPUs
[   .000000 P: Regiteed nosave memory: [mem 0x00000000-0x00000fff]
[   .00000] M: Ristere nsave memry [mem 0x00f000-00009fff]
[    0.000000] PM: Registered nosave memory: [mem 0x000a0000-0x000effff]
[    0.000000] PM: Registered osave emry: [mm 0x000f000-0x000fffff]
[    0.000000] e820: [mem 0x40000000-0xfebfffff] available for PCI devices
[    0.000000]Booting paravirtualized kernel on KVM
[    0.000000] clocksource: refined-jiffies: mask: 0xffffffff max_cycles: 0xfffffff, ma_idle_ns: 7645519600211568 ns
[   0.000000] setup_percpu: NR_CPUS:512 nr_cpumask_bits:512 nr_cpu_ids:2 nr_node_ids:1
[    0.000000] PERCPU: Emeded 34 ags/cpu fff88003c0000 s960 r8192d3464 u14876
[   .00000]PV qspnlck has tble enris: 256 (order: 0, 4096 bytes)
[   0.00000] Bilt 1 onlists iNode ode, mobility groupinon.  Tta pages 27912
[   0.000000] Policy zone: DMA32
[   0.000000] Kernel command line: BOOT_MAGE/bot/vmliuz4.4.0-38generi rot=LABL=loudim-rotfs r cnsole=tty1 console=ttyS0
[    000000] PD ash tabl entries: 4096 (order: 3,3276 btes)
[   .00000] emory:99712K/1048120K available (8563K kernel cde 1314K rwdata, 4004K rodata, 1528K init, 1316K bss, 50408K reserved, 0K cma-reserved)
[  0.000000] SLUB: HWalign=64, Order=0-3, MinObjects=0, CPUs=, odes=1
[   0.000000] Kernel/User pag tales isolation: enabled
[    0.000000] Hierarchical RCU implementation.
[    0.000000] 	Build-time adjustment of leaf fanout to 64.
[    0.000000] 	RCU restricting CPUs from NR_CPUS=512 to nr_cpu_ids=2.
[    0.000000] RCU: Adjusting geometry for rcu_fanout_leaf=64, nr_cpu_ids=2
[    0.000000] NR_IRQS:33024 nr_irqs:440 16
[    0.000000] Console: colour VGA+ 80x25
[    0.000000] console [tty1] enabled
[    0.000000] console [ttyS0] enabled
[    0.000000] tsc: Detected 3591.694 MHz processor
[    9.493486] Calibrating delay loop (skipped) preset value.. 7183.38 BogoMIPS (lpj=14366776)
[    9.496486] pid_max: default: 32768 minimum: 301
[    9.498018] ACPI: Core revision 20150930
[    9.502640] ACPI: 2 ACPI AML tables successfully acquired and loaded
[    9.504646] Security Framework initialized
[    9.505956] Yama: becoming mindful.
[    9.507159] AppArmor: AppArmor initialized
[    9.508691] Dentry cache hash table entries: 131072 (order: 8, 1048576 bytes)
[    9.512070] Inode-cache hash table entries: 65536 (order: 7, 524288 bytes)
[    9.514261] Mount-cache hash table entries: 2048 (order: 2, 16384 bytes)
[    9.516171] Mountpoint-cache hash table entries: 2048 (order: 2, 16384 bytes)
[    9.518421] Initializing cgroup subsys io
[    9.519723] Initializing cgroup subsys memory
[    9.521112] Initializing cgroup subsys devices
[    9.522488] Initializing cgroup subsys freezer
[    9.523863] Initializing cgroup subsys net_cls
[    9.525264] Initializing cgroup subsys perf_event
[    9.526711] Initializing cgroup subsys net_prio
[    9.528105] Initializing cgroup subsys hugetlb
[    9.529529] Initializing cgroup subsys pids
[    9.531614] mce: CPU supports 0 MCE banks
[    9.533078] Last level iTLB entries: 4KB 1024, 2MB 1024, 4MB 1024
[    9.534775] Last level dTLB entries: 4KB 1024, 2MB 1024, 4MB 1024, 1GB 4
[    9.536609] Spectre V2 : Mitigation: Full generic retpoline
[    9.538236] Spectre V2 : Spectre v2 mitigation: Speculation control IBPB not-supported IBRS not-supported
[    9.540650] Spectre V2 : Spectre v2 / SpectreRSB mitigation: Filling RSB on context switch
[    9.566855] Speculative Store Bypass: Vulnerable
[    9.573888] Freeing SMP alternatives memory: 32K
[    9.585501] ftrace: allocating 32278 entries in 127 pages
[    9.657299] smpboot: APIC(0) Converting physical 0 to logical package 0
[    9.659393] smpboot: Max logical packages: 1
[    9.670215] x2apic enabled
[    9.671872] Switched APIC routing to physical x2apic.
[    9.700042] ..TIMER: vector=0x30 apic1=0 pin1=2 apic2=-1 pin2=-1
[    9.809138] smpboot: CPU0: Intel(R) Core(TM) i7-4790 CPU @ 3.60GHz (family: 0x6, model: 0x3c, stepping: 0x3)
[    9.881956] Performance Events: unsupported p6 CPU model 60 no PMU driver, software events only.
[    9.970904] KVM setup paravirtual spinlock
[   10.054698] x86: Booting SMP configuration:
[   10.110560] .... node  #0, CPUs:      #1
[   10.121818] kvm-clock: cpu 1, msr 0:3ffe3041, secondary cpu clock
[   10.150660] mce: CPU supports 0 MCE banks
[   10.161857] x86: Booted up 1 node, 2 CPUs
[   10.163764] smpboot: Total of 2 processors activated (14366.77 BogoMIPS)
[   10.228741] devtmpfs: initialized
[   10.260154] evm: security.selinux
[   10.263330] evm: security.SMACK64
[   10.313587] evm: security.SMACK64EXEC
[   10.322868] evm: security.SMACK64TRANSMUTE
[   10.331239] evm: security.SMACK64MMAP
[   10.348769] evm: security.ima
[   10.357823] evm: security.capability
[   10.359702] clocksource: jiffies: mask: 0xffffffff max_cycles: 0xffffffff, max_idle_ns: 7645041785100000 ns
[   10.375241] futex hash table entries: 512 (order: 3, 32768 bytes)
[   10.377223] pinctrl core: initialized pinctrl subsystem
[   10.395053] RTC time: 12:23:51, date: 11/02/18
[   10.399686] NET: Registered protocol family 16
[   10.413506] cpuidle: using governor ladder
[   10.469349] cpuidle: using governor menu
[   10.490691] PCCT header not found.
[   10.492115] ACPI: bus type PCI registered
[   10.503953] acpiphp: ACPI Hot Plug PCI Controller Driver version: 0.5
[   10.546769] PCI: Using configuration type 1 for base access
[   10.570336] ACPI: Added _OSI(Module Device)
[   10.583497] ACPI: Added _OSI(Processor Device)
[   10.603456] ACPI: Added _OSI(3.0 _SCP Extensions)
[   10.622580] ACPI: Added _OSI(Processor Aggregator Device)
[   10.632353] ACPI: Executed 1 blocks of module-level executable AML code
[   10.659829] ACPI: Interpreter enabled
[   10.691353] ACPI: (supports S0 S5)
[   10.698282] ACPI: Using IOAPIC for interrupt routing
[   10.755375] PCI: Using host bridge windows from ACPI; if necessary, use "pci=nocrs" and report a bug
[   10.780794] ACPI: PCI Root Bridge [PCI0] (domain 0000 [bus 00-ff])
[   10.788055] acpi PNP0A03:00: _OSC: OS supports [ASPM ClockPM Segments MSI]
[   10.807803] acpi PNP0A03:00: _OSC: not requesting OS control; OS requires [ExtendedConfig ASPM ClockPM MSI]
[   10.841631] acpi PNP0A03:00: fail to add MMCONFIG information, can't access extended PCI configuration space under this bridge.
[   10.857573] PCI host bridge to bus 0000:00
[   10.889899] pci_bus 0000:00: root bus resource [io  0x0000-0x0cf7 window]
[   10.912938] pci_bus 0000:00: root bus resource [io  0x0d00-0xffff window]
[   11.018538] pci_bus 0000:00: root bus resource [mem 0x000a0000-0x000bffff window]
[   11.052106] pci_bus 0000:00: root bus resource [mem 0x40000000-0xfdffffff window]
[   11.121982] pci_bus 0000:00: root bus resource [bus 00-ff]
[   11.173075] pci 0000:00:01.1: legacy IDE quirk: reg 0x10: [io  0x01f0-0x01f7]
[   11.274368] pci 0000:00:01.1: legacy IDE quirk: reg 0x14: [io  0x03f6]
[   11.364146] pci 0000:00:01.1: legacy IDE quirk: reg 0x18: [io  0x0170-0x0177]
[   11.407212] pci 0000:00:01.1: legacy IDE quirk: reg 0x1c: [io  0x0376]
[   11.451899] pci 0000:00:07.0: quirk: [io  0x4000-0x403f] claimed by PIIX4 ACPI
[   11.454602] pci 0000:00:07.0: quirk: [io  0x4100-0x410f] claimed by PIIX4 SMB
[   11.476675] ACPI: PCI Interrupt Link [LNKA] (IRQs 5 9 10 *11)
[   11.515608] ACPI: PCI Interrupt Link [LNKB] (IRQs 5 9 *10 11)
[   11.568896] ACPI: PCI Interrupt Link [LNKC] (IRQs 5 *9 10 11)
[   11.592317] ACPI: PCI Interrupt Link [LNKD] (IRQs 5 9 10 *11)
[   11.635212] ACPI: Enabled 2 GPEs in block 00 to 07
[   11.645711] vgaarb: setting as boot device: PCI:0000:00:02.0
[   11.648588] vgaarb: device added: PCI:0000:00:02.0,decodes=io+mem,owns=io+mem,locks=none
[   11.651235] vgaarb: loaded
[   11.652301] vgaarb: bridge control possible 0000:00:02.0
[   11.654352] SCSI subsystem initialized
[   11.655906] ACPI: bus type USB registered
[   11.657402] usbcore: registered new interface driver usbfs
[   11.659055] usbcore: registered new interface driver hub
[   11.660633] usbcore: registered new device driver usb
[   11.663422] PCI: Using ACPI for IRQ routing
[   11.665133] NetLabel: Initializing
[   11.677216] NetLabel:  domain hash size = 128
[   11.683142] NetLabel:  protocols = UNLABELED CIPSOv4
[   11.684877] NetLabel:  unlabeled traffic allowed by default
[   11.695146] amd_nb: Cannot enumerate AMD northbridges
[   11.719222] clocksource: Switched to clocksource kvm-clock
[   117458] pprmor: AppArmor Filesysem Enabled
[   11.972499] pnp: PnP ACPI init
[   1.7596 pp:Pn API fun 3deics
[   12.425867] clocksource: acpi_pm: mask: 0xffffff max_cycles: 0xffffff, max_idle_ns: 2085701024 ns
[   12.440465] NET: Registered protocol family 2
[   12.445317] TCP established hash table entries: 8192 (order: 4, 65536 bytes)
[   12.454093] TCP bind hash table entries: 8192 (order: 5, 131072 bytes)
[   12.458352] TCP: Hash tables configured (established 8192 bind 8192)
[   12.463467] UDP hash table entries: 512 (order: 2, 16384 bytes)
[   12.465442] UDP-Lite hash table entries: 512 (order: 2, 16384 bytes)
[   12.469460] NET: Registered protocol family 1
[   12.470956] pci 0000:00:00.0: Limiting direct PCI/PCI transfers
[   12.474421] pci 0000:00:01.0: Activating ISA DMA hang workarounds
[   12.476422] Unpacking initramfs...
[  1.848892]Freeing initrd memory: 14792K
[   12.968258] RAPL PMU detectd, API unit is 2^-32 Joules, 4 fixed counters 10737418240 ms ovflimr[  1.13758] hw unit o dman p0coe ^- Juls
[   13.565384] hw unit of domain package 2^-0 Joules
[   13.567126] hw unit of domain dram 2^-0 Joules
[   13.568592] hw unit of domain pp1-gpu 2^-0 Joules
[   13.570182] platform rtc_cmos: registered platform RTC device (no PNP device found)
[   13.572771] Scanning for low memory corruption every 60 seconds
[   13.575096] audit: initializing netlink subsys (disabled)
[   13.579979] audit: type=2000 audit(1541161429.011:1): initialized
[   13.600849] Initialise system trusted keyring
[   13.602444] HugeTLB registered 2 MB page size, pre-allocated 0 pages
[   13.612124] zbud: loaded
[   13.613913] VFS: Disk quotas dquot_6.6.0
[   13.663554] VFS: Dquot-cache hash table entries: 512 (order 0, 4096 bytes)
[   13.681642] squashfs: version 4.0 (2009/01/31) Phillip Lougher
[   13.68543 fseint AP version7.23)
[   13.968553] Key type big_key registered
[   13.977095] Allocating IMA MOK and blacklist keyrings.
[   13.989603] Key type asymmetric registered
[   13.994197] Asymmetric key parser 'x509' registered
[   13.997897] Block layer SCSI generic (bsg) driver version 0.4 loaded (major 249)
[   14.005215] io scheduler noop registered
[   14.012721] io scheduler deadline registered (default)
[   14.025139] io scheduler cfq registered
[   14.026733] pci_hotplug: PCI Hot Plug PCI Core version: 0.5
[   14.028674] pciehp: PCI Express Hot Plug Controller Driver version: 0.4
[   14.030989] ACPI: AC Adapter [AC] (on-line)
[   14.041242] input: Power Button as /devices/LNXSYSTM:00/LNXPWRBN:00/input/input0
[   14.043929] ACPI: Power Button [PWRF]
[   14.050930] input: Sleep Button as /devices/LNXSYSTM:00/LNXSLPBN:00/input/input1
[   14.072517] ACPI: Sleep Button [SLPF]
[   14.075724] GHES: HEST is not enabled!
[   14.077272] Serial: 8250/16550 driver, 32 ports, IRQ sharing enabled
[   14.113363] 00:02: ttyS0 at I/O 0x3f8 (irq = 4, base_baud = 115200) is a 16550A
[   14.119532] Linux agpgart interface v0.103
[   14.135168] loop: module loaded
[   14.152985] scsi host0: ata_piix
[   14.154504] scsi host1: ata_piix
[   14.155838] ata1: PATA max UDMA/33 cmd 0x1f0 ctl 0x3f6 bmdma 0xd000 irq 14
[   14.199559] ata2: PATA max UDMA/33 cmd 0x170 ctl 0x376 bmdma 0xd008 irq 15
[   14.204010] libphy: Fixed MDIO Bus: probed
[   14.212325] tun: Universal TUN/TAP device driver, 1.6
[   14.219391] tun: (C) 1999-2004 Max Krasnyansky <maxk@qualcomm.com>
[   14.225681] PPP generic driver version 2.4.2
[   14.229110] ehci_hcd: USB 2.0 'Enhanced' Host Controller (EHCI) Driver
[   14.240347] ehci-pci: EHCI PCI platform driver
[   14.247643] ehci-platform: EHCI generic platform driver
[   14.253659] ohci_hcd: USB 1.1 'Open' Host Controller (OHCI) Driver
[   14.257891] ohci-pci: OHCI PCI platform driver
[   14.262302] ohci-platform: OHCI generic platform driver
[   14.265394] uhci_hcd: USB Universal Host Controller Interface driver
[   14.270638] i8042: PNP: PS/2 Controller [PNP0303:PS2K,PNP0f03:PS2M] at 0x60,0x64 irq 1,12
[   14.277881] serio: i8042 KBD port at 0x60,0x64 irq 1
[   14.280993] serio: i8042 AUX port at 0x60,0x64 irq 12
[   14.285030] mousedev: PS/2 mouse device common for all mice
[   14.288642] input: AT Translated Set 2 keyboard as /devices/platform/i8042/serio0/input/input2
[   14.295895] rtc_cmos rtc_cmos: rtc core: registered rtc_cmos as rtc0
[   14.303911] rtc_cmos rtc_cmos: alarms up to one day, 114 bytes nvram
[   14.309649] i2c /dev entries driver
[   14.314814] device-mapper: uevent: version 1.0.3
[   14.325796] device-mapper: ioctl: 4.34.0-ioctl (2015-10-28) initialised: dm-devel@redhat.com
[   14.339357] ledtrig-cpu: registered to indicate activity on CPUs
[   14.348264] NET: Registered protocol family 10
[   14.351347] NET: Registered protocol family 17
[   14.354028] Key type dns_resolver registered
[   14.359229] registered taskstats version 1
[   14.360912] Loading compiled-in X.509 certificates
[   14.365371] Loaded X.509 cert 'Build time autogenerated kernel key: 9a104bc44b81e9426fe5c715e47d021d02d69eba'
[   14.375682] zswap: loaded using pool lzo/zbud
[   14.381562] Key type trusted registered
[   14.400481] Key type encrypted registered
[   14.414956] AppArmor: AppArmor sha1 policy hashing enabled
[   14.417889] ima: No TPM chip found, activating TPM-bypass!
[   14.423638] ima: Allocated hash algorithm: sha1
[   14.425283] evm: HMAC attrs: 0x1
[   14.428620]   Magic number: 10:275:379
[   14.430208] rtc_cmos rtc_cmos: setting system clock to 2018-11-02 12:23:55 UTC (1541161435)
[   14.436610] BIOS EDD facility v0.16 2004-Jun-25, 0 devices found
[   14.440403] EDD information not available.
[   14.447601] Freeing unused kernel memory: 1528K
[   14.472016] Write protecting the kernel read-only data: 14336k
[   14.486393] Freeing unused kernel memory: 1664K
[   14.491391] Freeing unused kernel memory: 92K
Loading, please wait...
starting version[   14.518151] random: systemd-udevd: uninitialized urandom read (16 bytes read, 2 bits of entropy available)
 229
[   14.518993] random: udevadm: uninitialized urandom read (16 bytes read, 2 bits of entropy available)
[   14.519016] random: udevadm: uninitialized urandom read (16 bytes read, 2 bits of entropy available)
[   14.532641] random: udevadm: uninitialized urandom read (16 bytes read, 2 bits of entropy available)
[   14.532703] random: udevadm: uninitialized urandom read (16 bytes read, 2 bits of entropy available)
[   14.532933] random: udevadm: uninitialized urandom read (16 bytes read, 2 bits of entropy available)
[   14.533008] random: udevadm: uninitialized urandom read (16 bytes read, 2 bits of entropy available)
[   14.533084] random: udevadm: uninitialized urandom read (16 bytes read, 2 bits of entropy available)
[   14.533164] random: udevadm: uninitialized urandom read (16 bytes read, 2 bits of entropy available)
[   14.533239] random: udevadm: uninitialized urandom read (16 bytes read, 2 bits of entropy available)
[   14.567528] tsc: Refined TSC clocksource calibration: 3592.714 MHz
[   14.569315] clocksource: tsc: mask: 0xffffffffffffffff max_cycles: 0x33c970aa3e1, max_idle_ns: 440795353093 ns
[   14.600021] e1000: Intel(R) PRO/1000 Network Driver - version 7.3.21-k8-NAPI
[   14.606052] e1000: Copyright (c) 1999-2006 Intel Corporation.
[   14.621907] Fusion MPT base driver 3.04.20
[   14.623378] Copyright (c) 1999-2008 LSI Corporation
[   14.633156] Fusion MPT SPI Host driver 3.04.20
[   14.638618] AVX2 version of gcm_enc/dec engaged.
[   14.647147] AES CTR mode by8 optimization enabled
[   14.827252] input: ImExPS/2 Generic Explorer Mouse as /devices/platform/i8042/serio1/input/input4
[   15.026588] e1000 0000:00:03.0 eth0: (PCI:33MHz:32-bit) 02:8f:0a:cd:38:b7
[   15.028747] e1000 0000:00:03.0 eth0: Intel(R) PRO/1000 Network Connection
[   15.032032] e1000 0000:00:03.0 enp0s3: renamed from eth0
[   15.034008] mptbase: ioc0: Initiating bringup
[   15.330246] ioc0: LSI53C1030 A0: Capabilities={Initiator}
[   15.683974] scsi host2: ioc0: LSI53C1030 A0, FwRev=00000000h, Ports=1, MaxQ=256, IRQ=20
[   16.573715] scsi 2:0:0:0: Direct-Access     VBOX     HARDDISK         1.0  PQ: 0 ANSI: 5
[   16.687594] scsi target2:0:0: Beginning Domain Validation
[   16.695456] scsi target2:0:0: Domain Validation skipping write tests
[   16.697223] scsi target2:0:0: Ending Domain Validation
[   16.698883] scsi target2:0:0: asynchronous
[   16.720987] scsi 2:0:1:0: Direct-Access     VBOX     HARDDISK         1.0  PQ: 0 ANSI: 5
[   16.734378] scsi target2:0:1: Beginning Domain Validation
[   16.737452] scsi target2:0:1: Domain Validation skipping write tests
[   16.739252] scsi target2:0:1: Ending Domain Validation
[   16.740908] scsi target2:0:1: asynchronous
[   16.748173] sd 2:0:0:0: [sda] 20971520 512-byte logical blocks: (10.7 GB/10.0 GiB)
[   16.750695] sd 2:0:0:0: Attached scsi generic sg0 type 0
[   16.752697] sd 2:0:1:0: [sdb] 20480 512-byte logical blocks: (10.5 MB/10.0 MiB)
[   16.755179] sd 2:0:0:0: [sda] Write Protect is off
[   16.755513] sd 2:0:1:0: [sdb] Write Protect is off
[   16.755665] sd 2:0:1:0: [sdb] Incomplete mode parameter data
[   16.755668] sd 2:0:1:0: [sdb] Assuming drive cache: write through
[   16.760193] sd 2:0:1:0: Attached scsi generic sg1 type 0
[   16.762349] sd 2:0:1:0: [sdb] Attached SCSI disk
[   16.765483] sd 2:0:0:0: [sda] Incomplete mode parameter data
[   16.767144] sd 2:0:0:0: [sda] Assuming drive cache: write through
[   16.770345]  sda: sda1
[   16.772304] sd 2:0:0:0: [sda] Attached SCSI disk
Begin: Loading essential drivers[   18.577902] md: linear personality registered for level -1
 ... [   18.588313] md: multipath personality registered for level -4
[   18.629379] md: raid0 personality registered for level 0
[   18.634340] md: raid1 personality registered for level 1
[   18.707813] raid6: sse2x1   gen()  3366 MB/s
[   18.799584] raid6: sse2x1   xor()  2146 MB/s
[   18.867921] raid6: sse2x2   gen()  5656 MB/s
[   18.935290] raid6: sse2x2   xor()  3852 MB/s
[   19.003635] raid6: sse2x4   gen()  8773 MB/s
[   19.071983] raid6: sse2x4   xor()  5149 MB/s
[   19.139349] raid6: avx2x1   gen()  6934 MB/s
[   19.211605] raid6: avx2x2   gen() 12334 MB/s
[   19.283835] raid6: avx2x4   gen() 17174 MB/s
[   19.285356] raid6: using algorithm avx2x4 gen() 17174 MB/s
[   19.310081] raid6: using avx2x2 recovery algorithm
[   19.328801] xor: automatically using best checksumming function:
[   19.383519]    avx       : 19483.000 MB/sec
[   19.386523] async_tx: api initialized (async)
[   19.414617] md: raid6 personality registered for level 6
[   19.460762] md: raid5 personality registered for level 5
[   19.483546] md: raid4 personality registered for level 4
[   19.491706] md: raid10 personality registered for level 10
done.
Begin: Running /scripts/init-premount ... done.
Begin: Mounting root file system ... Begin: Running /scripts/[   19.538191] Btrfs loaded
local-top ... done.
Begin: Running /scripts/local-premount ... Scanning for Btrfs filesystems
done.
Warning: fsck no[   19.574673] EXT4-fs (sda1): INFO: recovery required on readonly filesystem
t present, so sk[   19.593603] EXT4-fs (sda1): write access will be enabled during recovery
ipping root file system
[   19.647974] EXT4-fs (sda1): recovery complete
[   19.649537] EXT4-fs (sda1): mounted filesystem with ordered data mode. Opts: (null)
done.
Begin: Running /scripts/local-bottom ... done.
Begin: Running /scripts/init-bottom ... done.
[   20.234896] systemd[1]: systemd 229 running in system mode. (+PAM +AUDIT +SELINUX +IMA +APPARMOR+SACK +SYSVINIT +UTMP +LIBCRYPTSEUP +GCRYPT +GNUTLS +ACL +XZ -LZ4 +SECCOMP +BLKID +ELFUTILS +KMOD -IDN)
[   20.353685] systemd[1]:Detected virtualization oracle.
[  2.3511]sytemd[1]: Detected architecture x86-64.

Welcome to [1mUbuntu 16.04.5 LTS[0m!

[   20.693441] systemd[1]: Set hostname to <Harjoitus3>.
[   21.069801] random: nonblocking pool is initialized
[   21.663088] systemd[1]: Listening on Device-mapper event daemon FIFOs.
[[0;32m  OK  [0m] Listening on Device-mapper event daemon FIFOs.
[   21.666776] systemd[1]: Reached target User and Group Name Lookups.
[[0;32m  OK  [0m] Reached target User and Group Name Lookups.
[   21.670274] systemd[1]: Listening on Syslog Socket.
[[0;32m  OK  [0m] Listening on Syslog Socket.
[   21.673247] systemd[1]: Reached target Encrypted Volumes.
[[0;32m  OK  [0m] Reached target Encrypted Volumes.
[   21.676535] systemd[1]: Set up automount Arbitrary Executable File Formats File System Automount Point.
[[0;32m  OK  [0m] Set up automount Arbitrary Executab...ats File System Automount Point.
[   21.696494] systemd[1]: Created slice System Slice.
[[0;32m  OK  [0m] Created slice System Slice.
[   21.724762] systemd[1]: Created slice system-serial\x2dgetty.slice.
[[0;32m  OK  [0m] Created slice system-serial\x2dgetty.slice.
[   21.746988] systemd[1]: Reached target System Time Synchronized.
[[0;32m  OK  [0m] Reached target System Time Synchronized.
[   21.796304] systemd[1]: Listening on Journal Socket (/dev/log).
[[0;32m  OK  [0m] Listening on Journal Socket (/dev/log).
[   21.827547] systemd[1]: Started Forward Password Requests to Wall Directory Watch.
[[0;32m  OK  [0m] Started Forward Password Requests to Wall Directory Watch.
[   21.879637] systemd[1]: Listening on udev Control Socket.
[[0;32m  OK  [0m] Listening on udev Control Socket.
[   21.935663] systemd[1]: Listening on udev Kernel Socket.
[[0;32m  OK  [0m] Listening on udev Kernel Socket.
[   21.959940] systemd[1]: Created slice User and Session Slice.
[[0;32m  OK  [0m] Created slice User and Session Slice.
[   21.984430] systemd[1]: Reached target Slices.
[[0;32m  OK  [0m] Reached target Slices.
[   22.008256] systemd[1]: Listening on Journal Socket.
[[0;32m  OK  [0m] Listening on Journal Socket.
[   22.071684] systemd[1]: Mounting Debug File System...
         Mounting Debug File System...
[   22.098771] systemd[1]: Starting Remount Root and Kernel File Systems...
         Starting Remount Root and Kernel File Systems...
[   22.132231] systemd[1]: Starting Nameserver information manager...
         Starting Nameserver information manager...
[   22.153145] systemd[1]: Starting Set console keymap...
         Starting Set console keymap...
[   22.166726] systemd[1]: Starting Create list of required static device nodes for the current kernel...
         Starting Create list of required st... nodes for the current kernel...
[   2.0303 ET4fs(sa1: e-mounted. Opts: (null)
[   22.596350] systemd[1]: Starting Load Kernel Modules...
         Starting Load Kernel Modules...
[   22.613700] systemd[1]: Mounting POSIX Message Queue File System...
         Mounting POSIX Message Queue File System...
[   22.643813] systemd[1]: Listening on Journal Audit Socket.
[[0;32m  OK  [0[   22.654894] Loading iSCSI transport class v2.0-870.
m] Listening on Journal Audit Socket.
[   22.676209] systemd[1]: Starting Journal Service...
         Starting Journal Service...
[   22.696106] iscsi: registered transport (tcp)
[   22.707529] systemd[1]: Listening on /dev/initctl Compatibility Named Pipe.
[[0;32m  OK  [0m] Listening on /dev/initctl Compatibility Named Pipe.
[   22.768470] systemd[1]: Starting Uncomplicated firewall...
         Starting Uncomplicated firewall...
[   22.788536] systemd[1]: Started Trigger resolvconf update for networkd DNS.
[[0;32m  OK  [0[   22.814665] iscsi: registered transport (iser)
m] Started Trigger resolvconf update for networkd DNS.
[   22.827146] systemd[1]: Listening on LVM2 metadata daemon socket.
[[0;32m  OK  [0m] Listening on LVM2 metadata daemon socket.
[   22.863832] systemd[1]: Starting Monitoring of LVM2 mirrors, snapshots etc. using dmeventd or progress polling...
         Starting Monitoring of LVM2 mirrors... dmeventd or progress polling...
[   22.933095] systemd[1]: Mounting Huge Pages File System...
         Mounting Huge Pages File System...
[   22.941470] systemd[1]: Listening on LVM2 poll daemon socket.
[[0;32m  OK  [0m] Listening on LVM2 poll daemon socket.
[   22.945936] systemd[1]: Reached target Swap.
[[0;32m  OK  [0m] Reached target Swap.
[   22.950461] systemd[1]: Mounted POSIX Message Queue File System.
[[0;32m  OK  [0m] Mounted POSIX Message Queue File System.
[   22.963956] systemd[1]: Mounted Debug File System.
[[0;32m  OK  [0m] Mounted Debug File System.
[   22.987754] systemd[1]: Mounted Huge Pages File System.
[[0;32m  OK  [0m] Mounted Huge Pages File System.
[   23.002045] systemd[1]: Started Journal Service.
[[0;32m  OK  [0m] Started Journal Service.
[[0;32m  OK  [0m] Started Remount Root and Kernel File Systems.
[[0;32m  OK  [0m] Started Set console keymap.
[[0;32m  OK  [0m] Started Create list of required sta...ce nodes for the current kernel.
[[0;32m  OK  [0m] Started Load Kernel Modules.
[[0;32m  OK  [0m] Started Uncomplicated firewall.
[[0;32m  OK  [0m] Started Nameserver information manager.
[[0;32m  OK  [0m] Started LVM2 metadata daemon.
         Mounting FUSE Control File System...
         Starting Apply Kernel Variables...
         Starting Create Static Device Nodes in /dev...
         Starting udev Coldplug all Devices...
         Starting Load/Save Random Seed...
         Starting Flush Journal to Persistent Storage...
[[0;32m  OK  [0m] Mounted FUSE Control File System.
[[0;32m  OK  [0m] Started Apply Kernel Variables.
[[0;32m  OK  [0m] Started Create Static Device Nodes in /dev.
[[0;32m  OK  [0m] Started Load/Save Random Seed.
[[0;32m  OK  [0m] Started udev Coldplug all Devices.
[[0;32m  OK  [0m] Started Flush Journal to Persistent Storage.
         Starting udev Kernel Device Manager...
[[0;32m  OK  [0m] Started Monitoring of LVM2 mirrors,...ng dmeventd or progress polling.
[[0;32m  OK  [0m] Reached target Local File Systems (Pre).
[[0;32m  OK  [0m] Reached target Local File Systems.
         Starting Initial cloud-init job (pre-networking)...
         Starting Set console font and keymap...
         Starting Create Volatile Files and Directories...
         Starting LSB: AppArmor initialization...
         Starting Tell Plymouth To Write Out Runtime Data...
[[0;32m  OK  [0m] Started Create Volatile Files and Directories.
         Starting Update UTMP about System Boot/Shutdown...
[[0;32m  OK  [0m] Started Tell Plymouth To Write Out Runtime Data.
[[0;32m  OK  [0m] Started Update UTMP about System Boot/Shutdown.
[[0;32m  OK  [0m] Started udev Kernel Device Manager.
[[0;32m  OK  [0m] Started Dispatch Password Requests to Console Directory Watch.
[[0;32m  OK  [0m] Found device /dev/ttyS0.
[[0;32m  OK  [0m] Listening on Load/Save RF Kill Switch Status /dev/rfkill Watch.
[[0;32m  OK  [0m] Started LSB: AppArmor initialization.
[[0;32m  OK  [0m] Found device 82540EM Gigabit Ethern...r (PRO/1000 MT Desktop Adapter).
[[0;32m  OK  [0m] Started Set console font and keymap.
[[0;32m  OK  [0m] Created slice system-getty.slice.
[   15.998208] cloud-init[466]: Cloud-init v. 18.4-0ubuntu1~16.04.2 running 'init-local' at Fri, 02 Nov 2018 12:24:07 +0000. Up 15.24 seconds.
[[0;32m  OK  [0m] Started Initial cloud-init job (pre-networking).
[[0;32m  OK  [0m] Reached target Network (Pre).
         Starting Raise network interfaces...
[[0;32m  OK  [0m] Started ifup for enp0s3.
[[0;32m  OK  [0m] Started Raise network interfaces.
[[0;32m  OK  [0m] Reached target Network.
         Starting Initial cloud-init job (metadata service crawler)...
[   17.602634] cloud-init[959]: Cloud-init v. 18.4-0ubuntu1~16.04.2 running 'init' at Fri, 02 Nov 2018 12:24:09 +0000. Up 17.02 seconds.
[   17.637293] cloud-init[959]: ci-info: +++++++++++++++++++++++++++++++++++++Net device info++++++++++++++++++++++++++++++++++++++
[   17.676759] [cloud-init[0;32m  OK  [0m[959]: ] ci-info: +--------+------+---------------------------+---------------+--------+-------------------+Started Initial cloud-init job (metadata service crawler).

[   17.677392] cloud-init[959]: ci-info: | Device |  Up  |          Address          |      Mask     | Scope  |     Hw-Address    |
[   17.745614] [cloud-init[0;32m  OK  [0m[959]: ] ci-info: +--------+------+---------------------------+---------------+--------+-------------------+Reached target Network is Online.

[   17.747227] cloud-init[959]: ci-info: | enp0s3 | True |         10.0.2.15         | 255.255.255.0 | global | 02:8f:0a:cd:38:b7 |
[   17.791780]          Starting iSCSI initiator daemon (iscsid)...
[[0;32m  OK  [0m] Reached target Cloud-config availability.
[[0;32m  OK  [0m] Reached target System Initialization.
cloud-init[959]: ci-info: | enp0s3 | True | fe80::8f:aff:fecd:38b7/64 |       .       |  link  | 02:8f:0a:cd:38:b7 |
[[0;32m  OK  [0m] Started Daily apt download activities.
[[0;32m  OK  [0m] Started Daily apt upgrade and clean activities.
         Starting Socket activation for snappy daemon.
[[0;32m  OK  [0m] Started Daily Cleanup of Temporary Directories.
[[0;32m  OK  [0m] Listening on ACPID Listen Socket.
[[0;32m  OK  [0m] Reached target Timers.
[   17.845319] cloud-init[959]: ci-info: |   lo   | True |         127.0.0.1         |   255.0.0.0   |  host  |         .         |
[   17.889379] cloud-init[959]: ci-info: |   lo   | True |          ::1/128          |       .       |  host  |         .         |
         Starting Docker Socket for the API.
[   17.919189] cloud-init[959]: ci-info: +--------+------+---------------------------+---------------+--------+-------------------+
[   17.944740] cloud-init[959]: ci-info: +++++++++++++++++++++++++++Route IPv4 info++++++++++++++++++++++++++++
[   17.944992] cloud-init[959]: ci-info: +-------+-------------+----------+---------------+-----------+-------+
[   17.945613] cloud-init[959]: ci-info: | Route | Destination | Gateway  |    Genmask    | Interface | Flags |
[   17.946149] cloud-init[959]: ci-info: +-------+-------------+----------+---------------+-----------+-------+
[   17.946336] cloud-init[959]: ci-info: |   0   |   0.0.0.0   | 10.0.2.2 |    0.0.0.0    |   enp0s3  |   UG  |
[   17.946517] cloud-init[959]: ci-info: |   1   |   10.0.2.0  | 0.0.0.0  | 255.255.255.0 |   enp0s3  |   U   |
[   17.946698] cloud-init[959]: ci-info: +-------+-------------+----------+---------------+-----------+-------+
[   17.946971] cloud-init[959]: ci-info: +++++++++++++++++++Route IPv6 info+++++++++++++++++++
[   17.947167] cloud-init[959]: ci-info: +-------+-------------+---------+-----------+-------+
[   17.947348] cloud-init[959]: ci-info: | Route | Destination | Gateway | Interface | Flags |
[   17.947533] cloud-init[959]: ci-info: +-------+-------------+---------+-----------+-------+
[   17.947767] cloud-init[959]: ci-info: |   0   |  fe80::/64  |    ::   |   enp0s3  |   U   |
[[0;32m  OK  [0m] Listening on UUID daemon activation socket.
         Starting LXD - unix socket.
[   17.947956] cloud-init[959]: ci-info: |   3   |   ff00::/8  |    ::   |   enp0s3  |   U   |
[[0;32m  OK  [0m] Started ACPI Events Check.
[   18.124263] cloud-init[959]: ci-info: +-------+-------------+---------+-----------+-------+
[[0;32m  OK  [0m] Reached target Paths.
[[0;32m  OK  [0m] Listening on D-Bus System Message Bus Socket.
[[0;32m  OK  [0m] Listening on Socket activation for snappy daemon.
[[0;32m  OK  [0m] Listening on Docker Socket for the API.
[[0;32m  OK  [0m] Listening on LXD - unix socket.
[[0;32m  OK  [0m] Started iSCSI initiator daemon (iscsid).
         Starting Login to default iSCSI targets...
[[0;32m  OK  [0m] Reached target Sockets.
[[0;32m  OK  [0m] Reached target Basic System.
[[0;32m  OK  [0m] Started Deferred execution scheduler.
         Starting System Logging Service...
[[0;32m  OK  [0m] Started FUSE filesystem for LXC.
         Starting Login Service...
         Starting Docker Application Container Engine...
[[0;32m  OK  [0m] Started ACPI event daemon.
         Starting LSB: MD monitoring daemon...
[[0;32m  OK  [0m] Started Regular background program processing daemon.
         Starting LSB: Record successful boot for GRUB...
         Starting Accounts Service...
         Starting OpenBSD Secure Shell server...
         Starting Virtualbox guest utils...
[[0;32m  OK  [0m] Started D-Bus System Message Bus.
         Starting LXD - container startup/shutdown...
         Starting /etc/rc.local Compatibility...
[[0;32m  OK  [0m] Started Unattended Upgrades Shutdown.
         Starting Snappy daemon...
[[0;32m  OK  [0m] Started System Logging Service.
[[0;32m  OK  [0m] Started /etc/rc.local Compatibility.
[[0;32m  OK  [0m] Started OpenBSD Secure Shell server.
[[0;32m  OK  [0m] Started Login Service.
         Starting Authenticate and Authorize Users to Run Privileged Tasks...
[[0;32m  OK  [0m] Started LSB: Record successful boot for GRUB.
[[0;32m  OK  [0m] Started LSB: MD monitoring daemon.
[[0;32m  OK  [0m] Started Login to default iSCSI targets.
[[0;32m  OK  [0m] Started Authenticate and Authorize Users to Run Privileged Tasks.
[[0;32m  OK  [0m] Started Accounts Service.
[[0;32m  OK  [0m] Reached target Remote File Systems (Pre).
[[0;32m  OK  [0m] Reached target Remote File Systems.
         Starting LSB: automatic crash report generation...
         Starting LSB: Set up cgroupfs mounts....
         Starting LSB: daemon to balance interrupts for SMP systems...
         Starting LSB: Set the CPU Frequency Scaling governor to "ondemand"...
         Starting Permit User Sessions...
[[0;32m  OK  [0m] Started LSB: Set up cgroupfs mounts..
[[0;32m  OK  [0m] Started LSB: Set the CPU Frequency Scaling governor to "ondemand".
[[0;32m  OK  [0m] Started Permit User Sessions.
         Starting Terminate Plymouth Boot Screen...
         Starting Hold until boot process finishes up...
[[0;32m  OK  [0m] Started Virtualbox guest utils.
[[0;32m  OK  [0m] Started Terminate Plymouth Boot Screen.
[[0;32m  OK  [0m] Started Hold until boot process finishes up.
[[0;32m  OK  [0m] Started LSB: daemon to balance interrupts for SMP systems.
[[0;32m  OK  [0m] Started LSB: automatic crash report generation.
[[0;32m  OK  [0m] Started Serial Getty on ttyS0.
[[0;32m  OK  [0m] Started Getty on tty1.
[[0;32m  OK  [0m] Reached target Login Prompts.
         Starting Set console scheme...
[[0;32m  OK  [0m] Started Set console scheme.
[[0;32m  OK  [0m] Started LXD - container startup/shutdown.
[[0;32m  OK  [0m] Started Snappy daemon.
         Starting Wait until snapd is fully seeded...
[[0;32m  OK  [0m] Started Wait until snapd is fully seeded.
         Starting Apply the settings specified in cloud-config...
[   22.995096] cloud-init[1211]: Cloud-init v. 18.4-0ubuntu1~16.04.2 running 'modules:config' at Fri, 02 Nov 2018 12:24:14 +0000. Up 22.77 seconds.
[[0;32m  OK  [0m] Started Apply the settings specified in cloud-config.
[[0;32m  OK  [0m] Created slice User Slice of vagrant.
         Starting User Manager for UID 1000...
[[0;32m  OK  [0m] Started Session 1 of user vagrant.
[[0;32m  OK  [0m] Started User Manager for UID 1000.
[[0;32m  OK  [0m] Started Docker Application Container Engine.
[[0;32m  OK  [0m] Reached target Multi-User System.
[[0;32m  OK  [0m] Reached target Graphical Interface.
         Starting Update UTMP about System Runlevel Changes...
         Starting Execute cloud user/final scripts...
[[0;32m  OK  [0m] Started Update UTMP about System Runlevel Changes.
[   25.552829] cloud-init[1476]: Cloud-init v. 18.4-0ubuntu1~16.04.2 running 'modules:final' at Fri, 02 Nov 2018 12:24:17 +0000. Up 25.29 seconds.
[   25.553109] cloud-init[1476]: Cloud-init v. 18.4-0ubuntu1~16.04.2 finished at Fri, 02 Nov 2018 12:24:17 +0000. Datasource DataSourceNoCloud [seed=/dev/sdb][dsmode=net].  Up 25.54 seconds

Ubuntu 16.04.5 LTS Harjoitus3 ttyS0

Harjoitus3 login: 